<?xml version="1.0" encoding="UTF-8"?>
<!-- Generated by org.testng.reporters.JUnitReportReporter -->
<testsuite skipped="0" hostname="SIRI" name="tests.Runner1" tests="2" failures="0" timestamp="2021-02-06T17:20:31 IST" time="47.308" errors="0">
  <testcase name="runScenario" time="30.524" classname="tests.Runner1"/>
  <system-out/>
  <testcase name="runScenario" time="16.784" classname="tests.Runner1"/>
  <system-out/>
</testsuite> <!-- tests.Runner1 -->
